<assemblies timestamp="09/03/2024 10:31:38">
  <assembly name="D:\Dmitry\EDX\_Test\интервью тестовые задания\True.Code\src\Tests\True.Code.ToDoListAPI.Tests\bin\Debug\net8.0\True.Code.ToDoListAPI.Tests.dll" run-date="2024-09-03" run-time="10:31:38" total="2" passed="2" failed="0" skipped="0" time="2.089" errors="0">
    <errors />
    <collection total="2" passed="2" failed="0" skipped="0" name="Test collection for True.Code.ToDoListAPI.Tests.IntegrationTests" time="1.456">
      <test name="True.Code.ToDoListAPI.Tests.IntegrationTests.AddTodoItem_Ok" type="True.Code.ToDoListAPI.Tests.IntegrationTests" method="AddTodoItem_Ok" time="1.3547527" result="Pass">
        <traits />
      </test>
      <test name="True.Code.ToDoListAPI.Tests.IntegrationTests.AddTodoItem_with_inValidUserId_500" type="True.Code.ToDoListAPI.Tests.IntegrationTests" method="AddTodoItem_with_inValidUserId_500" time="0.1011093" result="Pass">
        <traits />
      </test>
    </collection>
  </assembly>
</assemblies>